<?xml version="1.0" encoding="UTF-8"?>
<!-- Generated by org.testng.reporters.JUnitReportReporter -->
<testsuite hostname="LAPTOP-8LKTASA0" failures="0" tests="5" name="com.qa.opencart.tests.LoginPageTest" time="10.097" errors="0" timestamp="2024-10-22T17:16:16 IST" skipped="0">
  <testcase classname="com.qa.opencart.tests.LoginPageTest" name="forgotPwdLinkExistTest" time="2.254"/>
  <system-out/>
  <testcase classname="com.qa.opencart.tests.LoginPageTest" name="logoExistsTest" time="1.051"/>
  <system-out/>
  <testcase classname="com.qa.opencart.tests.LoginPageTest" name="loginPageTitleTest" time="0.060"/>
  <system-out/>
  <testcase classname="com.qa.opencart.tests.LoginPageTest" name="loginPageURLTest" time="0.040"/>
  <system-out/>
  <testcase classname="com.qa.opencart.tests.LoginPageTest" name="LoginTest" time="6.692"/>
  <system-out/>
</testsuite> <!-- com.qa.opencart.tests.LoginPageTest -->
