<?xml version="1.0" encoding="UTF-8"?>
<!-- Generated by org.testng.reporters.JUnitReportReporter -->
<testsuite hostname="LAPTOP-8LKTASA0" failures="0" tests="1" name="com.qa.opencart.tests.RegistrationPageTest" time="20.595" errors="0" timestamp="2024-10-22T17:16:16 IST" skipped="0">
  <testcase classname="com.qa.opencart.tests.RegistrationPageTest" name="userRegisterTest" time="20.595"/>
  <system-out/>
</testsuite> <!-- com.qa.opencart.tests.RegistrationPageTest -->
