<?xml version="1.0" encoding="UTF-8"?>
<!-- Generated by org.testng.reporters.JUnitReportReporter -->
<testsuite hostname="LAPTOP-8LKTASA0" failures="0" tests="1" name="com.qa.opencart.tests.RegistrationPageTest" time="12.667" errors="0" timestamp="2024-10-22T23:42:08 IST" skipped="0">
  <testcase classname="com.qa.opencart.tests.RegistrationPageTest" name="userRegisterTest" time="12.667"/>
  <system-out/>
</testsuite> <!-- com.qa.opencart.tests.RegistrationPageTest -->
