<?xml version="1.0" encoding="UTF-8"?>
<!-- Generated by org.testng.reporters.JUnitReportReporter -->
<testsuite hostname="LAPTOP-8LKTASA0" failures="0" tests="12" name="com.qa.opencart.tests.AccountsPageTest" time="19.971" errors="0" timestamp="2024-09-27T10:07:16 IST" skipped="0">
  <testcase classname="com.qa.opencart.tests.AccountsPageTest" name="searchCountTest" time="1.324"/>
  <system-out/>
  <testcase classname="com.qa.opencart.tests.AccountsPageTest" name="searchTest" time="1.721"/>
  <system-out/>
  <testcase classname="com.qa.opencart.tests.AccountsPageTest" name="acctpageHeadersTest" time="1.207"/>
  <system-out/>
  <testcase classname="com.qa.opencart.tests.AccountsPageTest" name="searchTest" time="2.707"/>
  <system-out/>
  <testcase classname="com.qa.opencart.tests.AccountsPageTest" name="searchCountTest" time="1.272"/>
  <system-out/>
  <testcase classname="com.qa.opencart.tests.AccountsPageTest" name="searchTest" time="2.437"/>
  <system-out/>
  <testcase classname="com.qa.opencart.tests.AccountsPageTest" name="accPageTitleTest" time="1.411"/>
  <system-out/>
  <testcase classname="com.qa.opencart.tests.AccountsPageTest" name="searchTest" time="2.314"/>
  <system-out/>
  <testcase classname="com.qa.opencart.tests.AccountsPageTest" name="getAcctpageHeadersCountTest" time="0.155"/>
  <system-out/>
  <testcase classname="com.qa.opencart.tests.AccountsPageTest" name="isLogOutLinkExistTest" time="0.830"/>
  <system-out/>
  <testcase classname="com.qa.opencart.tests.AccountsPageTest" name="searchCountTest" time="1.992"/>
  <system-out/>
  <testcase classname="com.qa.opencart.tests.AccountsPageTest" name="searchTest" time="2.601"/>
  <system-out/>
</testsuite> <!-- com.qa.opencart.tests.AccountsPageTest -->
