<?xml version="1.0" encoding="UTF-8"?>
<!-- Generated by org.testng.reporters.JUnitReportReporter -->
<testsuite hostname="LAPTOP-8LKTASA0" failures="0" tests="5" name="com.qa.opencart.tests.LoginPageTest" time="8.542" errors="0" timestamp="2024-10-22T19:05:10 IST" skipped="0">
  <testcase classname="com.qa.opencart.tests.LoginPageTest" name="loginPageTitleTest" time="0.159"/>
  <system-out/>
  <testcase classname="com.qa.opencart.tests.LoginPageTest" name="forgotPwdLinkExistTest" time="1.590"/>
  <system-out/>
  <testcase classname="com.qa.opencart.tests.LoginPageTest" name="loginPageURLTest" time="0.207"/>
  <system-out/>
  <testcase classname="com.qa.opencart.tests.LoginPageTest" name="logoExistsTest" time="1.556"/>
  <system-out/>
  <testcase classname="com.qa.opencart.tests.LoginPageTest" name="LoginTest" time="5.030"/>
  <system-out/>
</testsuite> <!-- com.qa.opencart.tests.LoginPageTest -->
