<?xml version="1.0" encoding="UTF-8"?>
<!-- Generated by org.testng.reporters.JUnitReportReporter -->
<testsuite hostname="LAPTOP-8LKTASA0" failures="0" tests="12" name="com.qa.opencart.tests.AccountsPageTest" time="37.430" errors="0" timestamp="2024-10-22T17:16:16 IST" skipped="0">
  <testcase classname="com.qa.opencart.tests.AccountsPageTest" name="searchTest" time="3.500"/>
  <system-out/>
  <testcase classname="com.qa.opencart.tests.AccountsPageTest" name="searchTest" time="4.549"/>
  <system-out/>
  <testcase classname="com.qa.opencart.tests.AccountsPageTest" name="acctpageHeadersTest" time="0.292"/>
  <system-out/>
  <testcase classname="com.qa.opencart.tests.AccountsPageTest" name="searchTest" time="3.414"/>
  <system-out/>
  <testcase classname="com.qa.opencart.tests.AccountsPageTest" name="searchCountTest" time="10.142"/>
  <system-out/>
  <testcase classname="com.qa.opencart.tests.AccountsPageTest" name="searchTest" time="4.018"/>
  <system-out/>
  <testcase classname="com.qa.opencart.tests.AccountsPageTest" name="accPageTitleTest" time="0.111"/>
  <system-out/>
  <testcase classname="com.qa.opencart.tests.AccountsPageTest" name="searchTest" time="3.629"/>
  <system-out/>
  <testcase classname="com.qa.opencart.tests.AccountsPageTest" name="isLogOutLinkExistTest" time="2.238"/>
  <system-out/>
  <testcase classname="com.qa.opencart.tests.AccountsPageTest" name="searchCountTest" time="2.285"/>
  <system-out/>
  <testcase classname="com.qa.opencart.tests.AccountsPageTest" name="getAcctpageHeadersCountTest" time="0.083"/>
  <system-out/>
  <testcase classname="com.qa.opencart.tests.AccountsPageTest" name="searchCountTest" time="3.169"/>
  <system-out/>
</testsuite> <!-- com.qa.opencart.tests.AccountsPageTest -->
