<?xml version="1.0" encoding="UTF-8"?>
<!-- Generated by org.testng.reporters.JUnitReportReporter -->
<testsuite hostname="LAPTOP-8LKTASA0" failures="0" tests="5" name="com.qa.opencart.tests.LoginPageTest" time="4.159" errors="0" timestamp="2024-09-27T10:07:16 IST" skipped="0">
  <testcase classname="com.qa.opencart.tests.LoginPageTest" name="loginPageTitleTest" time="0.064"/>
  <system-out/>
  <testcase classname="com.qa.opencart.tests.LoginPageTest" name="logoExistsTest" time="0.179"/>
  <system-out/>
  <testcase classname="com.qa.opencart.tests.LoginPageTest" name="forgotPwdLinkExistTest" time="0.128"/>
  <system-out/>
  <testcase classname="com.qa.opencart.tests.LoginPageTest" name="loginPageURLTest" time="0.050"/>
  <system-out/>
  <testcase classname="com.qa.opencart.tests.LoginPageTest" name="LoginTest" time="3.738"/>
  <system-out/>
</testsuite> <!-- com.qa.opencart.tests.LoginPageTest -->
