<?xml version="1.0" encoding="UTF-8"?>
<!-- Generated by org.testng.reporters.JUnitReportReporter -->
<testsuite hostname="LAPTOP-8LKTASA0" failures="0" tests="1" name="com.qa.opencart.tests.RegistrationPageTest" time="19.006" errors="0" timestamp="2024-10-22T19:05:10 IST" skipped="0">
  <testcase classname="com.qa.opencart.tests.RegistrationPageTest" name="userRegisterTest" time="19.006"/>
  <system-out/>
</testsuite> <!-- com.qa.opencart.tests.RegistrationPageTest -->
