<?xml version="1.0" encoding="UTF-8"?>
<!-- Generated by org.testng.reporters.JUnitReportReporter -->
<testsuite hostname="LAPTOP-8LKTASA0" failures="0" tests="12" name="com.qa.opencart.tests.AccountsPageTest" time="34.954" errors="0" timestamp="2024-10-22T19:05:10 IST" skipped="0">
  <testcase classname="com.qa.opencart.tests.AccountsPageTest" name="isLogOutLinkExistTest" time="0.993"/>
  <system-out/>
  <testcase classname="com.qa.opencart.tests.AccountsPageTest" name="searchTest" time="3.749"/>
  <system-out/>
  <testcase classname="com.qa.opencart.tests.AccountsPageTest" name="accPageTitleTest" time="0.196"/>
  <system-out/>
  <testcase classname="com.qa.opencart.tests.AccountsPageTest" name="getAcctpageHeadersCountTest" time="0.069"/>
  <system-out/>
  <testcase classname="com.qa.opencart.tests.AccountsPageTest" name="searchTest" time="3.949"/>
  <system-out/>
  <testcase classname="com.qa.opencart.tests.AccountsPageTest" name="searchCountTest" time="4.271"/>
  <system-out/>
  <testcase classname="com.qa.opencart.tests.AccountsPageTest" name="searchCountTest" time="3.646"/>
  <system-out/>
  <testcase classname="com.qa.opencart.tests.AccountsPageTest" name="searchTest" time="3.786"/>
  <system-out/>
  <testcase classname="com.qa.opencart.tests.AccountsPageTest" name="searchTest" time="3.911"/>
  <system-out/>
  <testcase classname="com.qa.opencart.tests.AccountsPageTest" name="searchCountTest" time="5.218"/>
  <system-out/>
  <testcase classname="com.qa.opencart.tests.AccountsPageTest" name="acctpageHeadersTest" time="0.307"/>
  <system-out/>
  <testcase classname="com.qa.opencart.tests.AccountsPageTest" name="searchTest" time="4.859"/>
  <system-out/>
</testsuite> <!-- com.qa.opencart.tests.AccountsPageTest -->
