<?xml version="1.0" encoding="UTF-8"?>
<!-- Generated by org.testng.reporters.JUnitReportReporter -->
<testsuite hostname="LAPTOP-8LKTASA0" failures="0" tests="1" name="com.qa.opencart.tests.RegistrationPageTest" time="8.927" errors="0" timestamp="2024-09-27T10:07:16 IST" skipped="0">
  <testcase classname="com.qa.opencart.tests.RegistrationPageTest" name="userRegisterTest" time="8.927"/>
  <system-out/>
</testsuite> <!-- com.qa.opencart.tests.RegistrationPageTest -->
