<?xml version="1.0" encoding="UTF-8"?>
<!-- Generated by org.testng.reporters.JUnitReportReporter -->
<testsuite hostname="LAPTOP-8LKTASA0" failures="0" tests="5" name="com.qa.opencart.tests.LoginPageTest" time="7.676" errors="0" timestamp="2024-10-22T23:42:08 IST" skipped="0">
  <testcase classname="com.qa.opencart.tests.LoginPageTest" name="loginPageTitleTest" time="0.081"/>
  <system-out/>
  <testcase classname="com.qa.opencart.tests.LoginPageTest" name="logoExistsTest" time="1.535"/>
  <system-out/>
  <testcase classname="com.qa.opencart.tests.LoginPageTest" name="forgotPwdLinkExistTest" time="2.010"/>
  <system-out/>
  <testcase classname="com.qa.opencart.tests.LoginPageTest" name="loginPageURLTest" time="0.040"/>
  <system-out/>
  <testcase classname="com.qa.opencart.tests.LoginPageTest" name="LoginTest" time="4.010"/>
  <system-out/>
</testsuite> <!-- com.qa.opencart.tests.LoginPageTest -->
